<?xml version="1.0" encoding="UTF-8"?>
<!-- Generated by org.testng.reporters.JUnitReportReporter -->
<testsuite hostname="US62MPNV2" failures="0" tests="1" name="com.training.sanity.tests.ELTC_053_Report" time="14.312" errors="0" timestamp="15 May 2020 20:09:39 GMT" skipped="0">
  <testcase classname="com.training.sanity.tests.ELTC_053_Report" name="validLoginTest" time="14.312"/>
</testsuite> <!-- com.training.sanity.tests.ELTC_053_Report -->
