<?xml version="1.0" encoding="UTF-8"?>
<!-- Generated by org.testng.reporters.JUnitReportReporter -->
<testsuite hostname="US62MPNV2" failures="0" tests="1" name="com.training.sanity.tests.ELTC_014_CourseDetails" time="30.161" errors="0" timestamp="08 May 2020 01:39:58 GMT" skipped="0">
  <testcase classname="com.training.sanity.tests.ELTC_014_CourseDetails" name="validLoginTest" time="30.161"/>
</testsuite> <!-- com.training.sanity.tests.ELTC_014_CourseDetails -->
