<?xml version="1.0" encoding="UTF-8"?>
<!-- Generated by org.testng.reporters.JUnitReportReporter -->
<testsuite hostname="US62MPNV2" failures="0" tests="1" name="com.training.sanity.tests.LoginTests" time="9.563" errors="0" timestamp="07 May 2020 03:57:35 GMT" skipped="0">
  <testcase classname="com.training.sanity.tests.LoginTests" name="validLoginTest" time="9.563"/>
</testsuite> <!-- com.training.sanity.tests.LoginTests -->
