<?xml version="1.0" encoding="UTF-8"?>
<!-- Generated by org.testng.reporters.JUnitReportReporter -->
<testsuite hostname="US62MPNV2" failures="0" tests="1" name="com.training.sanity.tests.ELTC_013_cctlg" time="15.964" errors="0" timestamp="07 May 2020 01:24:10 GMT" skipped="0">
  <testcase classname="com.training.sanity.tests.ELTC_013_cctlg" name="validLoginTest" time="15.964"/>
</testsuite> <!-- com.training.sanity.tests.ELTC_013_cctlg -->
