<?xml version="1.0" encoding="UTF-8"?>
<!-- Generated by org.testng.reporters.JUnitReportReporter -->
<testsuite hostname="US62MPNV2" failures="0" tests="1" name="com.training.sanity.tests.ELTC_015_Logout" time="47.566" errors="0" timestamp="08 May 2020 01:10:20 GMT" skipped="0">
  <testcase classname="com.training.sanity.tests.ELTC_015_Logout" name="validLoginTest" time="47.566"/>
</testsuite> <!-- com.training.sanity.tests.ELTC_015_Logout -->
