<?xml version="1.0" encoding="UTF-8"?>
<!-- Generated by org.testng.reporters.JUnitReportReporter -->
<testsuite hostname="US62MPNV2" failures="0" tests="1" name="com.training.sanity.tests.ELTC_051_Userdetails" time="21.047" errors="0" timestamp="14 May 2020 02:50:15 GMT" skipped="0">
  <testcase classname="com.training.sanity.tests.ELTC_051_Userdetails" name="validLoginTest" time="21.047"/>
</testsuite> <!-- com.training.sanity.tests.ELTC_051_Userdetails -->
